03:43:06.297 INFO  User ID : "581ea453c5d36daa7fdf0aac"   purpose :Login    Date & Time:  11/6/2016, 3:43:06 AM 
03:43:09.072 INFO  User ID : 581ea453c5d36daa7fdf0aac   purpose : Viewing Products    Date & Time:  11/6/2016, 3:43:09 AM 
03:43:13.909 INFO  User ID : 581ea453c5d36daa7fdf0aac   purpose : Added Item to Cart    Date & Time:  11/6/2016, 3:43:13 AM 
03:43:14.324 INFO  User ID : 581ea453c5d36daa7fdf0aac   purpose : View Cart    Date & Time:  11/6/2016, 3:43:14 AM 
03:44:06.591 INFO  User ID : "581ea453c5d36daa7fdf0aac"   purpose :Login    Date & Time:  11/6/2016, 3:44:06 AM 
03:44:14.242 INFO  User ID : 581ea453c5d36daa7fdf0aac   purpose : Viewed Profile    Date & Time:  11/6/2016, 3:44:14 AM 
04:24:41.380 INFO  User ID :    purpose :Login    Date & Time:  11/6/2016, 4:24:41 AM 
04:25:41.286 INFO  User ID :    purpose :Login    Date & Time:  11/6/2016, 4:25:41 AM 
04:28:34.666 INFO  User ID : 581ea453c5d36daa7fdf0aac   purpose :Login    Date & Time:  11/6/2016, 4:28:34 AM 
04:29:58.318 INFO  User ID : 581ea453c5d36daa7fdf0aac   purpose :Login    Date & Time:  11/6/2016, 4:29:58 AM 
04:39:42.273 INFO  User ID : "581f248e0fddb24ac44683fe"   purpose :Login    Date & Time:  11/6/2016, 4:39:42 AM 
04:40:22.802 INFO  User ID : 581f248e0fddb24ac44683fe   purpose :Login    Date & Time:  11/6/2016, 4:40:22 AM 
04:49:53.358 INFO  User ID : 581ea453c5d36daa7fdf0aac   purpose :Login    Date & Time:  11/6/2016, 4:49:53 AM 
04:52:41.580 INFO  User ID : 581ea453c5d36daa7fdf0aac   purpose :Login    Date & Time:  11/6/2016, 4:52:41 AM 
04:52:48.185 INFO  User ID : 581ea453c5d36daa7fdf0aac   purpose :Login    Date & Time:  11/6/2016, 4:52:48 AM 
04:54:24.582 INFO  User ID : 581ea453c5d36daa7fdf0aac   purpose :Login    Date & Time:  11/6/2016, 4:54:24 AM 
04:58:52.044 INFO  User ID : 581ea453c5d36daa7fdf0aac   purpose :Login    Date & Time:  11/6/2016, 4:58:52 AM 
05:02:41.373 INFO  User ID : 581f29f1c5ec7c4eadc37597   purpose :Login    Date & Time:  11/6/2016, 5:02:41 AM 
05:05:56.387 INFO  User ID : 581ea453c5d36daa7fdf0aac   purpose :Login    Date & Time:  11/6/2016, 5:05:56 AM 
05:07:55.554 INFO  User ID : 581f2b2b9b5d54588731803b   purpose :Login    Date & Time:  11/6/2016, 5:07:55 AM 
05:18:03.993 INFO  User ID :    purpose :Login    Date & Time:  11/6/2016, 5:18:03 AM 
05:19:10.269 INFO  User ID :    purpose :Login    Date & Time:  11/6/2016, 5:19:10 AM 
05:19:30.972 INFO  User ID :    purpose :Login    Date & Time:  11/6/2016, 5:19:30 AM 
05:19:36.532 INFO  User ID :    purpose :Login    Date & Time:  11/6/2016, 5:19:36 AM 
